<?xml version="1.0" encoding="UTF-8"?>
<testsuite xmlns:xsi="http://www.w3.org/2001/XMLSchema-instance" xsi:noNamespaceSchemaLocation="https://maven.apache.org/surefire/maven-surefire-plugin/xsd/surefire-test-report-3.0.xsd" version="3.0" name="com.elsonteixeira.nichoempresas.NichoempresasApplicationTests" time="1.841" tests="1" errors="0" skipped="0" failures="0">
  <properties>
[...]
</properties>
  <testcase name="contextLoads" classname="com.elsonteixeira.nichoempresas.NichoempresasApplicationTests" time="0.539">
    <system-out><![CDATA[20:25:01.401 [main] INFO org.springframework.test.context.support.AnnotationConfigContextLoaderUtils -- Could not detect default configuration classes for test class [com.elsonteixeira.nichoempresas.NichoempresasApplicationTests]: NichoempresasApplicationTests does not declare any static, non-private, non-final, nested classes annotated with @Configuration.
20:25:01.462 [main] INFO org.springframework.boot.test.context.SpringBootTestContextBootstrapper -- Found @SpringBootConfiguration com.elsonteixeira.nichoempresas.NichoempresasApplication for test class com.elsonteixeira.nichoempresas.NichoempresasApplicationTests

  .   ____          _            __ _ _
 /\\ / ___'_ __ _ _(_)_ __  __ _ \ \ \ \
( ( )\___ | '_ | '_| | '_ \/ _` | \ \ \ \
 \\/  ___)| |_)| | | | | || (_| |  ) ) ) )
  '  |____| .__|_| |_|_| |_\__, | / / / /
 =========|_|==============|___/=/_/_/_/
 :: Spring Boot ::                (v3.1.1)

2023-07-22T20:25:01.714-03:00  INFO 4880 --- [           main] c.e.n.NichoempresasApplicationTests      : Starting NichoempresasApplicationTests using Java 17.0.3 with PID 4880 (started by klugt in D:\Projetos\NichoEmpresas\nichoempresas)
2023-07-22T20:25:01.715-03:00  INFO 4880 --- [           main] c.e.n.NichoempresasApplicationTests      : No active profile set, falling back to 1 default profile: "default"
2023-07-22T20:25:01.921-03:00  INFO 4880 --- [           main] .s.d.r.c.RepositoryConfigurationDelegate : Bootstrapping Spring Data JDBC repositories in DEFAULT mode.
2023-07-22T20:25:01.935-03:00  INFO 4880 --- [           main] .s.d.r.c.RepositoryConfigurationDelegate : Finished Spring Data repository scanning in 11 ms. Found 0 JDBC repository interfaces.
2023-07-22T20:25:02.112-03:00  INFO 4880 --- [           main] com.zaxxer.hikari.HikariDataSource       : HikariPool-1 - Starting...
2023-07-22T20:25:02.307-03:00  INFO 4880 --- [           main] com.zaxxer.hikari.pool.HikariPool        : HikariPool-1 - Added connection org.postgresql.jdbc.PgConnection@410ae5ac
2023-07-22T20:25:02.308-03:00  INFO 4880 --- [           main] com.zaxxer.hikari.HikariDataSource       : HikariPool-1 - Start completed.
2023-07-22T20:25:02.585-03:00  INFO 4880 --- [           main] c.e.n.NichoempresasApplicationTests      : Started NichoempresasApplicationTests in 1.036 seconds (process running for 1.665)
]]></system-out>
  </testcase>
</testsuite>